2020-02-02 08:09:39,486 INFO uk.kissgergely.managementservice.api.controllers.AccountControllerTest [main] Starting AccountControllerTest on Cyber-Station with PID 510120 (started by kiss- in C:\Users\kiss-\Documents\management-service)
2020-02-02 08:09:39,496 DEBUG uk.kissgergely.managementservice.api.controllers.AccountControllerTest [main] Running with Spring Boot v2.2.2.RELEASE, Spring v5.2.2.RELEASE
2020-02-02 08:09:39,497 INFO uk.kissgergely.managementservice.api.controllers.AccountControllerTest [main] No active profile set, falling back to default profiles: default
2020-02-02 08:09:41,555 INFO org.hibernate.jpa.internal.util.LogHelper [main] HHH000204: Processing PersistenceUnitInfo [name: default]
2020-02-02 08:09:41,691 INFO org.hibernate.Version [main] HHH000412: Hibernate Core {5.4.9.Final}
2020-02-02 08:09:41,900 INFO org.hibernate.annotations.common.Version [main] HCANN000001: Hibernate Commons Annotations {5.1.0.Final}
2020-02-02 08:09:42,324 INFO com.zaxxer.hikari.HikariDataSource [main] HikariPool-1 - Starting...
2020-02-02 08:09:42,666 INFO com.zaxxer.hikari.HikariDataSource [main] HikariPool-1 - Start completed.
2020-02-02 08:09:42,696 INFO org.hibernate.dialect.Dialect [main] HHH000400: Using dialect: org.hibernate.dialect.H2Dialect
2020-02-02 08:09:43,736 INFO org.hibernate.engine.transaction.jta.platform.internal.JtaPlatformInitiator [main] HHH000490: Using JtaPlatform implementation: [org.hibernate.engine.transaction.jta.platform.internal.NoJtaPlatform]
2020-02-02 08:09:44,776 INFO springfox.documentation.spring.web.PropertySourcedRequestMappingHandlerMapping [main] Mapped URL path [/v2/api-docs] onto method [springfox.documentation.swagger2.web.Swagger2Controller#getDocumentation(String, HttpServletRequest)]
2020-02-02 08:09:45,593 INFO springfox.documentation.spring.web.plugins.DocumentationPluginsBootstrapper [main] Context refreshed
2020-02-02 08:09:45,622 INFO springfox.documentation.spring.web.plugins.DocumentationPluginsBootstrapper [main] Found 1 custom documentation plugin(s)
2020-02-02 08:09:45,663 INFO springfox.documentation.spring.web.scanners.ApiListingReferenceScanner [main] Scanning for api listing references
2020-02-02 08:09:45,837 INFO uk.kissgergely.managementservice.api.controllers.AccountControllerTest [main] Started AccountControllerTest in 6.742 seconds (JVM running for 8.716)
2020-02-02 08:09:46,088 INFO uk.kissgergely.managementservice.api.controllers.AccountController [main] 4cc0unt-h0str3f-NOT_FOUND
2020-02-02 08:09:46,221 INFO uk.kissgergely.managementservice.api.controllers.AccountController [main] addAccount: called with AccountVO [accountId=null, accountName=Account name one, accountDescription=null]
2020-02-02 08:09:46,222 INFO uk.kissgergely.managementservice.api.controllers.AccountController [main] addAccount: account added AccountVO [accountId=4cc0unt-h0str3f-one, accountName=Account name one, accountDescription=Account desc one] 
2020-02-02 08:09:46,263 INFO uk.kissgergely.managementservice.api.controllers.AccountController [main] getAccountList: accountVOList [AccountVO [accountId=4cc0unt-h0str3f-one, accountName=Account name one, accountDescription=Account desc one], AccountVO [accountId=4cc0unt-h0str3f-two, accountName=Account name two, accountDescription=Account desc two]]
2020-02-02 08:09:46,313 INFO uk.kissgergely.managementservice.api.controllers.AccountController [main] 4cc0unt-h0str3f-one
2020-02-02 08:09:46,337 INFO uk.kissgergely.managementservice.api.controllers.AccountController [main] 4cc0unt-h0str3f-NOT_FOUND
2020-02-02 08:09:46,360 INFO uk.kissgergely.managementservice.api.controllers.AccountController [main] 4cc0unt-h0str3f-one
2020-02-02 08:09:46,827 INFO com.zaxxer.hikari.HikariDataSource [SpringContextShutdownHook] HikariPool-1 - Shutdown initiated...
2020-02-02 08:09:46,835 INFO com.zaxxer.hikari.HikariDataSource [SpringContextShutdownHook] HikariPool-1 - Shutdown completed.
2020-02-02 08:11:57,911 INFO uk.kissgergely.managementservice.api.controllers.AccountControllerTest [main] Starting AccountControllerTest on Cyber-Station with PID 566684 (started by kiss- in C:\Users\kiss-\Documents\management-service)
2020-02-02 08:11:57,912 DEBUG uk.kissgergely.managementservice.api.controllers.AccountControllerTest [main] Running with Spring Boot v2.2.2.RELEASE, Spring v5.2.2.RELEASE
2020-02-02 08:11:57,913 INFO uk.kissgergely.managementservice.api.controllers.AccountControllerTest [main] No active profile set, falling back to default profiles: default
2020-02-02 08:11:59,821 INFO org.hibernate.jpa.internal.util.LogHelper [main] HHH000204: Processing PersistenceUnitInfo [name: default]
2020-02-02 08:11:59,936 INFO org.hibernate.Version [main] HHH000412: Hibernate Core {5.4.9.Final}
2020-02-02 08:12:00,119 INFO org.hibernate.annotations.common.Version [main] HCANN000001: Hibernate Commons Annotations {5.1.0.Final}
2020-02-02 08:12:00,532 INFO com.zaxxer.hikari.HikariDataSource [main] HikariPool-1 - Starting...
2020-02-02 08:12:00,843 INFO com.zaxxer.hikari.HikariDataSource [main] HikariPool-1 - Start completed.
2020-02-02 08:12:00,872 INFO org.hibernate.dialect.Dialect [main] HHH000400: Using dialect: org.hibernate.dialect.H2Dialect
2020-02-02 08:12:01,840 INFO org.hibernate.engine.transaction.jta.platform.internal.JtaPlatformInitiator [main] HHH000490: Using JtaPlatform implementation: [org.hibernate.engine.transaction.jta.platform.internal.NoJtaPlatform]
2020-02-02 08:12:02,821 INFO springfox.documentation.spring.web.PropertySourcedRequestMappingHandlerMapping [main] Mapped URL path [/v2/api-docs] onto method [springfox.documentation.swagger2.web.Swagger2Controller#getDocumentation(String, HttpServletRequest)]
2020-02-02 08:12:03,603 INFO springfox.documentation.spring.web.plugins.DocumentationPluginsBootstrapper [main] Context refreshed
2020-02-02 08:12:03,631 INFO springfox.documentation.spring.web.plugins.DocumentationPluginsBootstrapper [main] Found 1 custom documentation plugin(s)
2020-02-02 08:12:03,673 INFO springfox.documentation.spring.web.scanners.ApiListingReferenceScanner [main] Scanning for api listing references
2020-02-02 08:12:03,835 INFO uk.kissgergely.managementservice.api.controllers.AccountControllerTest [main] Started AccountControllerTest in 6.327 seconds (JVM running for 8.12)
2020-02-02 08:12:04,077 INFO uk.kissgergely.managementservice.api.controllers.AccountController [main] 4cc0unt-h0str3f-NOT_FOUND
2020-02-02 08:12:04,198 INFO uk.kissgergely.managementservice.api.controllers.AccountController [main] addAccount: called with AccountVO [accountId=null, accountName=Account name one, accountDescription=null]
2020-02-02 08:12:04,199 INFO uk.kissgergely.managementservice.api.controllers.AccountController [main] addAccount: account added AccountVO [accountId=4cc0unt-h0str3f-one, accountName=Account name one, accountDescription=Account desc one] 
2020-02-02 08:12:04,235 INFO uk.kissgergely.managementservice.api.controllers.AccountController [main] getAccountList: accountVOList [AccountVO [accountId=4cc0unt-h0str3f-one, accountName=Account name one, accountDescription=Account desc one], AccountVO [accountId=4cc0unt-h0str3f-two, accountName=Account name two, accountDescription=Account desc two]]
2020-02-02 08:12:04,286 INFO uk.kissgergely.managementservice.api.controllers.AccountController [main] 4cc0unt-h0str3f-one
2020-02-02 08:12:04,307 INFO uk.kissgergely.managementservice.api.controllers.AccountController [main] 4cc0unt-h0str3f-NOT_FOUND
2020-02-02 08:12:04,327 INFO uk.kissgergely.managementservice.api.controllers.AccountController [main] 4cc0unt-h0str3f-one
2020-02-02 08:12:04,799 INFO com.zaxxer.hikari.HikariDataSource [SpringContextShutdownHook] HikariPool-1 - Shutdown initiated...
2020-02-02 08:12:04,802 INFO com.zaxxer.hikari.HikariDataSource [SpringContextShutdownHook] HikariPool-1 - Shutdown completed.
2020-02-02 08:17:01,556 INFO uk.kissgergely.managementservice.api.controllers.AccountControllerTest [main] Starting AccountControllerTest on Cyber-Station with PID 561188 (started by kiss- in C:\Users\kiss-\Documents\management-service)
2020-02-02 08:17:01,557 DEBUG uk.kissgergely.managementservice.api.controllers.AccountControllerTest [main] Running with Spring Boot v2.2.2.RELEASE, Spring v5.2.2.RELEASE
2020-02-02 08:17:01,558 INFO uk.kissgergely.managementservice.api.controllers.AccountControllerTest [main] No active profile set, falling back to default profiles: default
2020-02-02 08:17:03,483 INFO org.hibernate.jpa.internal.util.LogHelper [main] HHH000204: Processing PersistenceUnitInfo [name: default]
2020-02-02 08:17:03,585 INFO org.hibernate.Version [main] HHH000412: Hibernate Core {5.4.9.Final}
2020-02-02 08:17:03,759 INFO org.hibernate.annotations.common.Version [main] HCANN000001: Hibernate Commons Annotations {5.1.0.Final}
2020-02-02 08:17:04,177 INFO com.zaxxer.hikari.HikariDataSource [main] HikariPool-1 - Starting...
2020-02-02 08:17:04,494 INFO com.zaxxer.hikari.HikariDataSource [main] HikariPool-1 - Start completed.
2020-02-02 08:17:04,521 INFO org.hibernate.dialect.Dialect [main] HHH000400: Using dialect: org.hibernate.dialect.H2Dialect
2020-02-02 08:17:05,490 INFO org.hibernate.engine.transaction.jta.platform.internal.JtaPlatformInitiator [main] HHH000490: Using JtaPlatform implementation: [org.hibernate.engine.transaction.jta.platform.internal.NoJtaPlatform]
2020-02-02 08:17:06,495 INFO springfox.documentation.spring.web.PropertySourcedRequestMappingHandlerMapping [main] Mapped URL path [/v2/api-docs] onto method [springfox.documentation.swagger2.web.Swagger2Controller#getDocumentation(String, HttpServletRequest)]
2020-02-02 08:17:07,290 INFO springfox.documentation.spring.web.plugins.DocumentationPluginsBootstrapper [main] Context refreshed
2020-02-02 08:17:07,319 INFO springfox.documentation.spring.web.plugins.DocumentationPluginsBootstrapper [main] Found 1 custom documentation plugin(s)
2020-02-02 08:17:07,362 INFO springfox.documentation.spring.web.scanners.ApiListingReferenceScanner [main] Scanning for api listing references
2020-02-02 08:17:07,526 INFO uk.kissgergely.managementservice.api.controllers.AccountControllerTest [main] Started AccountControllerTest in 6.362 seconds (JVM running for 8.119)
2020-02-02 08:17:07,799 INFO uk.kissgergely.managementservice.api.controllers.AccountController [main] 4cc0unt-h0str3f-NOT_FOUND
2020-02-02 08:17:07,915 INFO uk.kissgergely.managementservice.api.controllers.AccountController [main] addAccount: called with AccountVO [accountId=null, accountName=Account name one, accountDescription=null]
2020-02-02 08:17:07,916 INFO uk.kissgergely.managementservice.api.controllers.AccountController [main] addAccount: account added AccountVO [accountId=4cc0unt-h0str3f-one, accountName=Account name one, accountDescription=Account desc one] 
2020-02-02 08:17:07,951 INFO uk.kissgergely.managementservice.api.controllers.AccountController [main] getAccountList: accountVOList [AccountVO [accountId=4cc0unt-h0str3f-one, accountName=Account name one, accountDescription=Account desc one], AccountVO [accountId=4cc0unt-h0str3f-two, accountName=Account name two, accountDescription=Account desc two]]
2020-02-02 08:17:08,002 INFO uk.kissgergely.managementservice.api.controllers.AccountController [main] 4cc0unt-h0str3f-one
2020-02-02 08:17:08,028 INFO uk.kissgergely.managementservice.api.controllers.AccountController [main] addAccount: called with AccountVO [accountId=4cc0unt-h0str3f-one, accountName=Account name one, accountDescription=Account desc one]
2020-02-02 08:17:08,047 INFO uk.kissgergely.managementservice.api.controllers.AccountController [main] 4cc0unt-h0str3f-NOT_FOUND
2020-02-02 08:17:08,065 INFO uk.kissgergely.managementservice.api.controllers.AccountController [main] 4cc0unt-h0str3f-one
2020-02-02 08:17:08,578 INFO com.zaxxer.hikari.HikariDataSource [SpringContextShutdownHook] HikariPool-1 - Shutdown initiated...
2020-02-02 08:17:08,582 INFO com.zaxxer.hikari.HikariDataSource [SpringContextShutdownHook] HikariPool-1 - Shutdown completed.
2020-02-02 08:23:57,838 INFO uk.kissgergely.managementservice.api.controllers.AccountControllerTest [main] Starting AccountControllerTest on Cyber-Station with PID 562700 (started by kiss- in C:\Users\kiss-\Documents\management-service)
2020-02-02 08:23:57,840 DEBUG uk.kissgergely.managementservice.api.controllers.AccountControllerTest [main] Running with Spring Boot v2.2.2.RELEASE, Spring v5.2.2.RELEASE
2020-02-02 08:23:57,840 INFO uk.kissgergely.managementservice.api.controllers.AccountControllerTest [main] No active profile set, falling back to default profiles: default
2020-02-02 08:23:59,735 INFO org.hibernate.jpa.internal.util.LogHelper [main] HHH000204: Processing PersistenceUnitInfo [name: default]
2020-02-02 08:23:59,847 INFO org.hibernate.Version [main] HHH000412: Hibernate Core {5.4.9.Final}
2020-02-02 08:24:00,018 INFO org.hibernate.annotations.common.Version [main] HCANN000001: Hibernate Commons Annotations {5.1.0.Final}
2020-02-02 08:24:00,432 INFO com.zaxxer.hikari.HikariDataSource [main] HikariPool-1 - Starting...
2020-02-02 08:24:00,739 INFO com.zaxxer.hikari.HikariDataSource [main] HikariPool-1 - Start completed.
2020-02-02 08:24:00,763 INFO org.hibernate.dialect.Dialect [main] HHH000400: Using dialect: org.hibernate.dialect.H2Dialect
2020-02-02 08:24:01,690 INFO org.hibernate.engine.transaction.jta.platform.internal.JtaPlatformInitiator [main] HHH000490: Using JtaPlatform implementation: [org.hibernate.engine.transaction.jta.platform.internal.NoJtaPlatform]
2020-02-02 08:24:02,700 INFO springfox.documentation.spring.web.PropertySourcedRequestMappingHandlerMapping [main] Mapped URL path [/v2/api-docs] onto method [springfox.documentation.swagger2.web.Swagger2Controller#getDocumentation(String, HttpServletRequest)]
2020-02-02 08:24:03,518 INFO springfox.documentation.spring.web.plugins.DocumentationPluginsBootstrapper [main] Context refreshed
2020-02-02 08:24:03,546 INFO springfox.documentation.spring.web.plugins.DocumentationPluginsBootstrapper [main] Found 1 custom documentation plugin(s)
2020-02-02 08:24:03,589 INFO springfox.documentation.spring.web.scanners.ApiListingReferenceScanner [main] Scanning for api listing references
2020-02-02 08:24:03,757 INFO uk.kissgergely.managementservice.api.controllers.AccountControllerTest [main] Started AccountControllerTest in 6.334 seconds (JVM running for 8.071)
2020-02-02 08:24:04,000 INFO uk.kissgergely.managementservice.api.controllers.AccountController [main] 4cc0unt-h0str3f-NOT_FOUND
2020-02-02 08:24:04,113 INFO uk.kissgergely.managementservice.api.controllers.AccountController [main] addAccount: called with AccountVO [accountId=null, accountName=Account name one, accountDescription=null]
2020-02-02 08:24:04,114 INFO uk.kissgergely.managementservice.api.controllers.AccountController [main] addAccount: account added AccountVO [accountId=4cc0unt-h0str3f-one, accountName=Account name one, accountDescription=Account desc one] 
2020-02-02 08:24:04,148 INFO uk.kissgergely.managementservice.api.controllers.AccountController [main] getAccountList: accountVOList [AccountVO [accountId=4cc0unt-h0str3f-one, accountName=Account name one, accountDescription=Account desc one], AccountVO [accountId=4cc0unt-h0str3f-two, accountName=Account name two, accountDescription=Account desc two]]
2020-02-02 08:24:04,178 INFO uk.kissgergely.managementservice.api.controllers.AccountController [main] updateAccount: account updated AccountVO [accountId=4cc0unt-h0str3f-one, accountName=Account name one, accountDescription=Account desc one] 
2020-02-02 08:24:04,220 INFO uk.kissgergely.managementservice.api.controllers.AccountController [main] 4cc0unt-h0str3f-one
2020-02-02 08:24:04,243 INFO uk.kissgergely.managementservice.api.controllers.AccountController [main] addAccount: called with AccountVO [accountId=4cc0unt-h0str3f-one, accountName=Account name one, accountDescription=Account desc one]
2020-02-02 08:24:04,262 INFO uk.kissgergely.managementservice.api.controllers.AccountController [main] 4cc0unt-h0str3f-NOT_FOUND
2020-02-02 08:24:04,280 INFO uk.kissgergely.managementservice.api.controllers.AccountController [main] 4cc0unt-h0str3f-one
2020-02-02 08:24:04,862 INFO com.zaxxer.hikari.HikariDataSource [SpringContextShutdownHook] HikariPool-1 - Shutdown initiated...
2020-02-02 08:24:04,868 INFO com.zaxxer.hikari.HikariDataSource [SpringContextShutdownHook] HikariPool-1 - Shutdown completed.
2020-02-02 08:24:49,297 INFO uk.kissgergely.managementservice.api.controllers.AccountControllerTest [main] Starting AccountControllerTest on Cyber-Station with PID 547472 (started by kiss- in C:\Users\kiss-\Documents\management-service)
2020-02-02 08:24:49,298 DEBUG uk.kissgergely.managementservice.api.controllers.AccountControllerTest [main] Running with Spring Boot v2.2.2.RELEASE, Spring v5.2.2.RELEASE
2020-02-02 08:24:49,299 INFO uk.kissgergely.managementservice.api.controllers.AccountControllerTest [main] No active profile set, falling back to default profiles: default
2020-02-02 08:24:51,239 INFO org.hibernate.jpa.internal.util.LogHelper [main] HHH000204: Processing PersistenceUnitInfo [name: default]
2020-02-02 08:24:51,344 INFO org.hibernate.Version [main] HHH000412: Hibernate Core {5.4.9.Final}
2020-02-02 08:24:51,513 INFO org.hibernate.annotations.common.Version [main] HCANN000001: Hibernate Commons Annotations {5.1.0.Final}
2020-02-02 08:24:51,926 INFO com.zaxxer.hikari.HikariDataSource [main] HikariPool-1 - Starting...
2020-02-02 08:24:52,223 INFO com.zaxxer.hikari.HikariDataSource [main] HikariPool-1 - Start completed.
2020-02-02 08:24:52,247 INFO org.hibernate.dialect.Dialect [main] HHH000400: Using dialect: org.hibernate.dialect.H2Dialect
2020-02-02 08:24:53,192 INFO org.hibernate.engine.transaction.jta.platform.internal.JtaPlatformInitiator [main] HHH000490: Using JtaPlatform implementation: [org.hibernate.engine.transaction.jta.platform.internal.NoJtaPlatform]
2020-02-02 08:24:54,226 INFO springfox.documentation.spring.web.PropertySourcedRequestMappingHandlerMapping [main] Mapped URL path [/v2/api-docs] onto method [springfox.documentation.swagger2.web.Swagger2Controller#getDocumentation(String, HttpServletRequest)]
2020-02-02 08:24:55,009 INFO springfox.documentation.spring.web.plugins.DocumentationPluginsBootstrapper [main] Context refreshed
2020-02-02 08:24:55,035 INFO springfox.documentation.spring.web.plugins.DocumentationPluginsBootstrapper [main] Found 1 custom documentation plugin(s)
2020-02-02 08:24:55,074 INFO springfox.documentation.spring.web.scanners.ApiListingReferenceScanner [main] Scanning for api listing references
2020-02-02 08:24:55,232 INFO uk.kissgergely.managementservice.api.controllers.AccountControllerTest [main] Started AccountControllerTest in 6.318 seconds (JVM running for 8.077)
2020-02-02 08:24:55,477 INFO uk.kissgergely.managementservice.api.controllers.AccountController [main] 4cc0unt-h0str3f-NOT_FOUND
2020-02-02 08:24:55,598 INFO uk.kissgergely.managementservice.api.controllers.AccountController [main] addAccount: called with AccountVO [accountId=null, accountName=Account name one, accountDescription=null]
2020-02-02 08:24:55,598 INFO uk.kissgergely.managementservice.api.controllers.AccountController [main] addAccount: account added AccountVO [accountId=4cc0unt-h0str3f-one, accountName=Account name one, accountDescription=Account desc one] 
2020-02-02 08:24:55,633 INFO uk.kissgergely.managementservice.api.controllers.AccountController [main] getAccountList: accountVOList [AccountVO [accountId=4cc0unt-h0str3f-one, accountName=Account name one, accountDescription=Account desc one], AccountVO [accountId=4cc0unt-h0str3f-two, accountName=Account name two, accountDescription=Account desc two]]
2020-02-02 08:24:55,662 INFO uk.kissgergely.managementservice.api.controllers.AccountController [main] updateAccount: account updated AccountVO [accountId=4cc0unt-h0str3f-one, accountName=Account name one, accountDescription=Account desc one] 
2020-02-02 08:24:55,718 INFO uk.kissgergely.managementservice.api.controllers.AccountController [main] 4cc0unt-h0str3f-one
2020-02-02 08:24:55,739 INFO uk.kissgergely.managementservice.api.controllers.AccountController [main] addAccount: called with AccountVO [accountId=4cc0unt-h0str3f-one, accountName=Account name one, accountDescription=Account desc one]
2020-02-02 08:24:55,759 INFO uk.kissgergely.managementservice.api.controllers.AccountController [main] 4cc0unt-h0str3f-NOT_FOUND
2020-02-02 08:24:55,778 INFO uk.kissgergely.managementservice.api.controllers.AccountController [main] 4cc0unt-h0str3f-one
2020-02-02 08:24:56,359 INFO com.zaxxer.hikari.HikariDataSource [SpringContextShutdownHook] HikariPool-1 - Shutdown initiated...
2020-02-02 08:24:56,362 INFO com.zaxxer.hikari.HikariDataSource [SpringContextShutdownHook] HikariPool-1 - Shutdown completed.
2020-02-02 08:25:26,951 INFO uk.kissgergely.managementservice.api.controllers.AccountControllerTest [main] Starting AccountControllerTest on Cyber-Station with PID 546780 (started by kiss- in C:\Users\kiss-\Documents\management-service)
2020-02-02 08:25:26,952 DEBUG uk.kissgergely.managementservice.api.controllers.AccountControllerTest [main] Running with Spring Boot v2.2.2.RELEASE, Spring v5.2.2.RELEASE
2020-02-02 08:25:26,953 INFO uk.kissgergely.managementservice.api.controllers.AccountControllerTest [main] No active profile set, falling back to default profiles: default
2020-02-02 08:25:28,862 INFO org.hibernate.jpa.internal.util.LogHelper [main] HHH000204: Processing PersistenceUnitInfo [name: default]
2020-02-02 08:25:28,968 INFO org.hibernate.Version [main] HHH000412: Hibernate Core {5.4.9.Final}
2020-02-02 08:25:29,138 INFO org.hibernate.annotations.common.Version [main] HCANN000001: Hibernate Commons Annotations {5.1.0.Final}
2020-02-02 08:25:29,565 INFO com.zaxxer.hikari.HikariDataSource [main] HikariPool-1 - Starting...
2020-02-02 08:25:29,882 INFO com.zaxxer.hikari.HikariDataSource [main] HikariPool-1 - Start completed.
2020-02-02 08:25:29,907 INFO org.hibernate.dialect.Dialect [main] HHH000400: Using dialect: org.hibernate.dialect.H2Dialect
2020-02-02 08:25:30,875 INFO org.hibernate.engine.transaction.jta.platform.internal.JtaPlatformInitiator [main] HHH000490: Using JtaPlatform implementation: [org.hibernate.engine.transaction.jta.platform.internal.NoJtaPlatform]
2020-02-02 08:25:31,872 INFO springfox.documentation.spring.web.PropertySourcedRequestMappingHandlerMapping [main] Mapped URL path [/v2/api-docs] onto method [springfox.documentation.swagger2.web.Swagger2Controller#getDocumentation(String, HttpServletRequest)]
2020-02-02 08:25:32,672 INFO springfox.documentation.spring.web.plugins.DocumentationPluginsBootstrapper [main] Context refreshed
2020-02-02 08:25:32,700 INFO springfox.documentation.spring.web.plugins.DocumentationPluginsBootstrapper [main] Found 1 custom documentation plugin(s)
2020-02-02 08:25:32,746 INFO springfox.documentation.spring.web.scanners.ApiListingReferenceScanner [main] Scanning for api listing references
2020-02-02 08:25:32,917 INFO uk.kissgergely.managementservice.api.controllers.AccountControllerTest [main] Started AccountControllerTest in 6.346 seconds (JVM running for 8.06)
2020-02-02 08:25:33,158 INFO uk.kissgergely.managementservice.api.controllers.AccountController [main] 4cc0unt-h0str3f-NOT_FOUND
2020-02-02 08:25:33,277 INFO uk.kissgergely.managementservice.api.controllers.AccountController [main] addAccount: called with AccountVO [accountId=null, accountName=Account name one, accountDescription=null]
2020-02-02 08:25:33,277 INFO uk.kissgergely.managementservice.api.controllers.AccountController [main] addAccount: account added AccountVO [accountId=4cc0unt-h0str3f-one, accountName=Account name one, accountDescription=Account desc one] 
2020-02-02 08:25:33,311 INFO uk.kissgergely.managementservice.api.controllers.AccountController [main] getAccountList: accountVOList [AccountVO [accountId=4cc0unt-h0str3f-one, accountName=Account name one, accountDescription=Account desc one], AccountVO [accountId=4cc0unt-h0str3f-two, accountName=Account name two, accountDescription=Account desc two]]
2020-02-02 08:25:33,342 INFO uk.kissgergely.managementservice.api.controllers.AccountController [main] updateAccount: account updated AccountVO [accountId=4cc0unt-h0str3f-one, accountName=Account name one, accountDescription=Account desc one] 
2020-02-02 08:25:33,389 INFO uk.kissgergely.managementservice.api.controllers.AccountController [main] 4cc0unt-h0str3f-one
2020-02-02 08:25:33,410 INFO uk.kissgergely.managementservice.api.controllers.AccountController [main] addAccount: called with AccountVO [accountId=4cc0unt-h0str3f-one, accountName=Account name one, accountDescription=Account desc one]
2020-02-02 08:25:33,428 INFO uk.kissgergely.managementservice.api.controllers.AccountController [main] 4cc0unt-h0str3f-NOT_FOUND
2020-02-02 08:25:33,446 INFO uk.kissgergely.managementservice.api.controllers.AccountController [main] 4cc0unt-h0str3f-one
2020-02-02 08:25:33,958 INFO com.zaxxer.hikari.HikariDataSource [SpringContextShutdownHook] HikariPool-1 - Shutdown initiated...
2020-02-02 08:25:33,961 INFO com.zaxxer.hikari.HikariDataSource [SpringContextShutdownHook] HikariPool-1 - Shutdown completed.
2020-02-02 08:27:13,530 INFO uk.kissgergely.managementservice.api.controllers.AccountControllerTest [main] Starting AccountControllerTest on Cyber-Station with PID 548476 (started by kiss- in C:\Users\kiss-\Documents\management-service)
2020-02-02 08:27:13,532 DEBUG uk.kissgergely.managementservice.api.controllers.AccountControllerTest [main] Running with Spring Boot v2.2.2.RELEASE, Spring v5.2.2.RELEASE
2020-02-02 08:27:13,532 INFO uk.kissgergely.managementservice.api.controllers.AccountControllerTest [main] No active profile set, falling back to default profiles: default
2020-02-02 08:27:15,422 INFO org.hibernate.jpa.internal.util.LogHelper [main] HHH000204: Processing PersistenceUnitInfo [name: default]
2020-02-02 08:27:15,523 INFO org.hibernate.Version [main] HHH000412: Hibernate Core {5.4.9.Final}
2020-02-02 08:27:15,686 INFO org.hibernate.annotations.common.Version [main] HCANN000001: Hibernate Commons Annotations {5.1.0.Final}
2020-02-02 08:27:16,085 INFO com.zaxxer.hikari.HikariDataSource [main] HikariPool-1 - Starting...
2020-02-02 08:27:16,418 INFO com.zaxxer.hikari.HikariDataSource [main] HikariPool-1 - Start completed.
2020-02-02 08:27:16,448 INFO org.hibernate.dialect.Dialect [main] HHH000400: Using dialect: org.hibernate.dialect.H2Dialect
2020-02-02 08:27:17,430 INFO org.hibernate.engine.transaction.jta.platform.internal.JtaPlatformInitiator [main] HHH000490: Using JtaPlatform implementation: [org.hibernate.engine.transaction.jta.platform.internal.NoJtaPlatform]
2020-02-02 08:27:18,417 INFO springfox.documentation.spring.web.PropertySourcedRequestMappingHandlerMapping [main] Mapped URL path [/v2/api-docs] onto method [springfox.documentation.swagger2.web.Swagger2Controller#getDocumentation(String, HttpServletRequest)]
2020-02-02 08:27:19,189 INFO springfox.documentation.spring.web.plugins.DocumentationPluginsBootstrapper [main] Context refreshed
2020-02-02 08:27:19,216 INFO springfox.documentation.spring.web.plugins.DocumentationPluginsBootstrapper [main] Found 1 custom documentation plugin(s)
2020-02-02 08:27:19,257 INFO springfox.documentation.spring.web.scanners.ApiListingReferenceScanner [main] Scanning for api listing references
2020-02-02 08:27:19,434 INFO uk.kissgergely.managementservice.api.controllers.AccountControllerTest [main] Started AccountControllerTest in 6.29 seconds (JVM running for 8.02)
2020-02-02 08:27:19,708 INFO uk.kissgergely.managementservice.api.controllers.AccountController [main] 4cc0unt-h0str3f-NOT_FOUND
2020-02-02 08:27:19,844 INFO uk.kissgergely.managementservice.api.controllers.AccountController [main] addAccount: called with AccountVO [accountId=null, accountName=Account name one, accountDescription=null]
2020-02-02 08:27:19,845 INFO uk.kissgergely.managementservice.api.controllers.AccountController [main] addAccount: account added AccountVO [accountId=4cc0unt-h0str3f-one, accountName=Account name one, accountDescription=Account desc one] 
2020-02-02 08:27:19,881 INFO uk.kissgergely.managementservice.api.controllers.AccountController [main] getAccountList: accountVOList [AccountVO [accountId=4cc0unt-h0str3f-one, accountName=Account name one, accountDescription=Account desc one], AccountVO [accountId=4cc0unt-h0str3f-two, accountName=Account name two, accountDescription=Account desc two]]
2020-02-02 08:27:19,910 INFO uk.kissgergely.managementservice.api.controllers.AccountController [main] updateAccount: account updated AccountVO [accountId=4cc0unt-h0str3f-one, accountName=Account name one, accountDescription=Account desc one] 
2020-02-02 08:27:19,952 INFO uk.kissgergely.managementservice.api.controllers.AccountController [main] 4cc0unt-h0str3f-one
2020-02-02 08:27:19,975 INFO uk.kissgergely.managementservice.api.controllers.AccountController [main] addAccount: called with AccountVO [accountId=4cc0unt-h0str3f-one, accountName=Account name one, accountDescription=Account desc one]
2020-02-02 08:27:19,994 INFO uk.kissgergely.managementservice.api.controllers.AccountController [main] 4cc0unt-h0str3f-NOT_FOUND
2020-02-02 08:27:20,012 INFO uk.kissgergely.managementservice.api.controllers.AccountController [main] 4cc0unt-h0str3f-one
2020-02-02 08:27:20,542 INFO com.zaxxer.hikari.HikariDataSource [SpringContextShutdownHook] HikariPool-1 - Shutdown initiated...
2020-02-02 08:27:20,546 INFO com.zaxxer.hikari.HikariDataSource [SpringContextShutdownHook] HikariPool-1 - Shutdown completed.
2020-02-02 08:27:43,906 INFO uk.kissgergely.managementservice.api.controllers.AccountControllerTest [main] Starting AccountControllerTest on Cyber-Station with PID 564984 (started by kiss- in C:\Users\kiss-\Documents\management-service)
2020-02-02 08:27:43,907 DEBUG uk.kissgergely.managementservice.api.controllers.AccountControllerTest [main] Running with Spring Boot v2.2.2.RELEASE, Spring v5.2.2.RELEASE
2020-02-02 08:27:43,908 INFO uk.kissgergely.managementservice.api.controllers.AccountControllerTest [main] No active profile set, falling back to default profiles: default
2020-02-02 08:27:45,812 INFO org.hibernate.jpa.internal.util.LogHelper [main] HHH000204: Processing PersistenceUnitInfo [name: default]
2020-02-02 08:27:45,924 INFO org.hibernate.Version [main] HHH000412: Hibernate Core {5.4.9.Final}
2020-02-02 08:27:46,094 INFO org.hibernate.annotations.common.Version [main] HCANN000001: Hibernate Commons Annotations {5.1.0.Final}
2020-02-02 08:27:46,507 INFO com.zaxxer.hikari.HikariDataSource [main] HikariPool-1 - Starting...
2020-02-02 08:27:46,822 INFO com.zaxxer.hikari.HikariDataSource [main] HikariPool-1 - Start completed.
2020-02-02 08:27:46,849 INFO org.hibernate.dialect.Dialect [main] HHH000400: Using dialect: org.hibernate.dialect.H2Dialect
2020-02-02 08:27:47,826 INFO org.hibernate.engine.transaction.jta.platform.internal.JtaPlatformInitiator [main] HHH000490: Using JtaPlatform implementation: [org.hibernate.engine.transaction.jta.platform.internal.NoJtaPlatform]
2020-02-02 08:27:48,820 INFO springfox.documentation.spring.web.PropertySourcedRequestMappingHandlerMapping [main] Mapped URL path [/v2/api-docs] onto method [springfox.documentation.swagger2.web.Swagger2Controller#getDocumentation(String, HttpServletRequest)]
2020-02-02 08:27:49,615 INFO springfox.documentation.spring.web.plugins.DocumentationPluginsBootstrapper [main] Context refreshed
2020-02-02 08:27:49,643 INFO springfox.documentation.spring.web.plugins.DocumentationPluginsBootstrapper [main] Found 1 custom documentation plugin(s)
2020-02-02 08:27:49,682 INFO springfox.documentation.spring.web.scanners.ApiListingReferenceScanner [main] Scanning for api listing references
2020-02-02 08:27:49,842 INFO uk.kissgergely.managementservice.api.controllers.AccountControllerTest [main] Started AccountControllerTest in 6.315 seconds (JVM running for 8.052)
2020-02-02 08:27:50,088 INFO uk.kissgergely.managementservice.api.controllers.AccountController [main] 4cc0unt-h0str3f-NOT_FOUND
2020-02-02 08:27:50,200 INFO uk.kissgergely.managementservice.api.controllers.AccountController [main] addAccount: called with AccountVO [accountId=null, accountName=Account name one, accountDescription=null]
2020-02-02 08:27:50,201 INFO uk.kissgergely.managementservice.api.controllers.AccountController [main] addAccount: account added AccountVO [accountId=4cc0unt-h0str3f-one, accountName=Account name one, accountDescription=Account desc one] 
2020-02-02 08:27:50,235 INFO uk.kissgergely.managementservice.api.controllers.AccountController [main] getAccountList: accountVOList [AccountVO [accountId=4cc0unt-h0str3f-one, accountName=Account name one, accountDescription=Account desc one], AccountVO [accountId=4cc0unt-h0str3f-two, accountName=Account name two, accountDescription=Account desc two]]
2020-02-02 08:27:50,265 INFO uk.kissgergely.managementservice.api.controllers.AccountController [main] updateAccount: account updated AccountVO [accountId=4cc0unt-h0str3f-one, accountName=Account name one, accountDescription=Account desc one] 
2020-02-02 08:27:50,308 INFO uk.kissgergely.managementservice.api.controllers.AccountController [main] 4cc0unt-h0str3f-one
2020-02-02 08:27:50,330 INFO uk.kissgergely.managementservice.api.controllers.AccountController [main] addAccount: called with AccountVO [accountId=4cc0unt-h0str3f-one, accountName=Account name one, accountDescription=Account desc one]
2020-02-02 08:27:50,349 INFO uk.kissgergely.managementservice.api.controllers.AccountController [main] 4cc0unt-h0str3f-NOT_FOUND
2020-02-02 08:27:50,368 INFO uk.kissgergely.managementservice.api.controllers.AccountController [main] 4cc0unt-h0str3f-one
2020-02-02 08:27:50,931 INFO com.zaxxer.hikari.HikariDataSource [SpringContextShutdownHook] HikariPool-1 - Shutdown initiated...
2020-02-02 08:27:50,934 INFO com.zaxxer.hikari.HikariDataSource [SpringContextShutdownHook] HikariPool-1 - Shutdown completed.
2020-02-02 08:31:38,571 INFO uk.kissgergely.managementservice.api.controllers.AccountControllerTest [main] Starting AccountControllerTest on Cyber-Station with PID 499352 (started by kiss- in C:\Users\kiss-\Documents\management-service)
2020-02-02 08:31:38,572 DEBUG uk.kissgergely.managementservice.api.controllers.AccountControllerTest [main] Running with Spring Boot v2.2.2.RELEASE, Spring v5.2.2.RELEASE
2020-02-02 08:31:38,573 INFO uk.kissgergely.managementservice.api.controllers.AccountControllerTest [main] No active profile set, falling back to default profiles: default
2020-02-02 08:31:40,533 INFO org.hibernate.jpa.internal.util.LogHelper [main] HHH000204: Processing PersistenceUnitInfo [name: default]
2020-02-02 08:31:40,640 INFO org.hibernate.Version [main] HHH000412: Hibernate Core {5.4.9.Final}
2020-02-02 08:31:40,814 INFO org.hibernate.annotations.common.Version [main] HCANN000001: Hibernate Commons Annotations {5.1.0.Final}
2020-02-02 08:31:41,218 INFO com.zaxxer.hikari.HikariDataSource [main] HikariPool-1 - Starting...
2020-02-02 08:31:41,524 INFO com.zaxxer.hikari.HikariDataSource [main] HikariPool-1 - Start completed.
2020-02-02 08:31:41,548 INFO org.hibernate.dialect.Dialect [main] HHH000400: Using dialect: org.hibernate.dialect.H2Dialect
2020-02-02 08:31:42,490 INFO org.hibernate.engine.transaction.jta.platform.internal.JtaPlatformInitiator [main] HHH000490: Using JtaPlatform implementation: [org.hibernate.engine.transaction.jta.platform.internal.NoJtaPlatform]
2020-02-02 08:31:43,453 INFO springfox.documentation.spring.web.PropertySourcedRequestMappingHandlerMapping [main] Mapped URL path [/v2/api-docs] onto method [springfox.documentation.swagger2.web.Swagger2Controller#getDocumentation(String, HttpServletRequest)]
2020-02-02 08:31:44,257 INFO springfox.documentation.spring.web.plugins.DocumentationPluginsBootstrapper [main] Context refreshed
2020-02-02 08:31:44,286 INFO springfox.documentation.spring.web.plugins.DocumentationPluginsBootstrapper [main] Found 1 custom documentation plugin(s)
2020-02-02 08:31:44,327 INFO springfox.documentation.spring.web.scanners.ApiListingReferenceScanner [main] Scanning for api listing references
2020-02-02 08:31:44,497 INFO uk.kissgergely.managementservice.api.controllers.AccountControllerTest [main] Started AccountControllerTest in 6.31 seconds (JVM running for 8.034)
2020-02-02 08:31:44,749 INFO uk.kissgergely.managementservice.api.controllers.AccountController [main] 4cc0unt-h0str3f-NOT_FOUND
2020-02-02 08:31:44,885 INFO uk.kissgergely.managementservice.api.controllers.AccountController [main] addAccount: called with AccountVO [accountId=null, accountName=Account name one, accountDescription=null]
2020-02-02 08:31:44,886 INFO uk.kissgergely.managementservice.api.controllers.AccountController [main] addAccount: account added AccountVO [accountId=4cc0unt-h0str3f-one, accountName=Account name one, accountDescription=Account desc one] 
2020-02-02 08:31:44,918 INFO uk.kissgergely.managementservice.api.controllers.AccountController [main] getAccountList: accountVOList [AccountVO [accountId=4cc0unt-h0str3f-one, accountName=Account name one, accountDescription=Account desc one], AccountVO [accountId=4cc0unt-h0str3f-two, accountName=Account name two, accountDescription=Account desc two]]
2020-02-02 08:31:44,946 INFO uk.kissgergely.managementservice.api.controllers.AccountController [main] updateAccount: account updated AccountVO [accountId=4cc0unt-h0str3f-one, accountName=Account name one, accountDescription=Account desc one] 
2020-02-02 08:31:44,985 INFO uk.kissgergely.managementservice.api.controllers.AccountController [main] 4cc0unt-h0str3f-one
2020-02-02 08:31:45,006 INFO uk.kissgergely.managementservice.api.controllers.AccountController [main] addAccount: called with AccountVO [accountId=4cc0unt-h0str3f-one, accountName=Account name one, accountDescription=Account desc one]
2020-02-02 08:31:45,023 INFO uk.kissgergely.managementservice.api.controllers.AccountController [main] 4cc0unt-h0str3f-NOT_FOUND
2020-02-02 08:31:45,040 INFO uk.kissgergely.managementservice.api.controllers.AccountController [main] 4cc0unt-h0str3f-one
2020-02-02 08:31:45,603 INFO com.zaxxer.hikari.HikariDataSource [SpringContextShutdownHook] HikariPool-1 - Shutdown initiated...
2020-02-02 08:31:45,606 INFO com.zaxxer.hikari.HikariDataSource [SpringContextShutdownHook] HikariPool-1 - Shutdown completed.
2020-02-02 08:33:06,010 INFO uk.kissgergely.managementservice.api.controllers.AccountControllerTest [main] Starting AccountControllerTest on Cyber-Station with PID 548928 (started by kiss- in C:\Users\kiss-\Documents\management-service)
2020-02-02 08:33:06,011 DEBUG uk.kissgergely.managementservice.api.controllers.AccountControllerTest [main] Running with Spring Boot v2.2.2.RELEASE, Spring v5.2.2.RELEASE
2020-02-02 08:33:06,012 INFO uk.kissgergely.managementservice.api.controllers.AccountControllerTest [main] No active profile set, falling back to default profiles: default
2020-02-02 08:33:07,924 INFO org.hibernate.jpa.internal.util.LogHelper [main] HHH000204: Processing PersistenceUnitInfo [name: default]
2020-02-02 08:33:08,035 INFO org.hibernate.Version [main] HHH000412: Hibernate Core {5.4.9.Final}
2020-02-02 08:33:08,203 INFO org.hibernate.annotations.common.Version [main] HCANN000001: Hibernate Commons Annotations {5.1.0.Final}
2020-02-02 08:33:08,611 INFO com.zaxxer.hikari.HikariDataSource [main] HikariPool-1 - Starting...
2020-02-02 08:33:08,922 INFO com.zaxxer.hikari.HikariDataSource [main] HikariPool-1 - Start completed.
2020-02-02 08:33:08,946 INFO org.hibernate.dialect.Dialect [main] HHH000400: Using dialect: org.hibernate.dialect.H2Dialect
2020-02-02 08:33:09,893 INFO org.hibernate.engine.transaction.jta.platform.internal.JtaPlatformInitiator [main] HHH000490: Using JtaPlatform implementation: [org.hibernate.engine.transaction.jta.platform.internal.NoJtaPlatform]
2020-02-02 08:33:10,897 INFO springfox.documentation.spring.web.PropertySourcedRequestMappingHandlerMapping [main] Mapped URL path [/v2/api-docs] onto method [springfox.documentation.swagger2.web.Swagger2Controller#getDocumentation(String, HttpServletRequest)]
2020-02-02 08:33:11,723 INFO springfox.documentation.spring.web.plugins.DocumentationPluginsBootstrapper [main] Context refreshed
2020-02-02 08:33:11,756 INFO springfox.documentation.spring.web.plugins.DocumentationPluginsBootstrapper [main] Found 1 custom documentation plugin(s)
2020-02-02 08:33:11,796 INFO springfox.documentation.spring.web.scanners.ApiListingReferenceScanner [main] Scanning for api listing references
2020-02-02 08:33:11,958 INFO uk.kissgergely.managementservice.api.controllers.AccountControllerTest [main] Started AccountControllerTest in 6.341 seconds (JVM running for 8.111)
2020-02-02 08:33:12,216 INFO uk.kissgergely.managementservice.api.controllers.AccountController [main] 4cc0unt-h0str3f-NOT_FOUND
2020-02-02 08:33:12,373 INFO uk.kissgergely.managementservice.api.controllers.AccountController [main] addAccount: called with AccountVO [accountId=null, accountName=Account name one, accountDescription=null]
2020-02-02 08:33:12,373 INFO uk.kissgergely.managementservice.api.controllers.AccountController [main] addAccount: account added AccountVO [accountId=4cc0unt-h0str3f-one, accountName=Account name one, accountDescription=Account desc one] 
2020-02-02 08:33:12,418 INFO uk.kissgergely.managementservice.api.controllers.AccountController [main] getAccountList: accountVOList [AccountVO [accountId=4cc0unt-h0str3f-one, accountName=Account name one, accountDescription=Account desc one], AccountVO [accountId=4cc0unt-h0str3f-two, accountName=Account name two, accountDescription=Account desc two]]
2020-02-02 08:33:12,452 INFO uk.kissgergely.managementservice.api.controllers.AccountController [main] updateAccount: account updated AccountVO [accountId=4cc0unt-h0str3f-one, accountName=Account name one, accountDescription=Account desc one] 
2020-02-02 08:33:12,496 INFO uk.kissgergely.managementservice.api.controllers.AccountController [main] 4cc0unt-h0str3f-one
2020-02-02 08:33:12,520 INFO uk.kissgergely.managementservice.api.controllers.AccountController [main] addAccount: called with AccountVO [accountId=4cc0unt-h0str3f-one, accountName=Account name one, accountDescription=Account desc one]
2020-02-02 08:33:12,570 INFO uk.kissgergely.managementservice.api.controllers.AccountController [main] 4cc0unt-h0str3f-NOT_FOUND
2020-02-02 08:33:12,591 INFO uk.kissgergely.managementservice.api.controllers.AccountController [main] 4cc0unt-h0str3f-one
2020-02-02 08:33:13,069 INFO com.zaxxer.hikari.HikariDataSource [SpringContextShutdownHook] HikariPool-1 - Shutdown initiated...
2020-02-02 08:33:13,073 INFO com.zaxxer.hikari.HikariDataSource [SpringContextShutdownHook] HikariPool-1 - Shutdown completed.
